2023-07-20 17:24:33 DEBUG TelegramBot:31 - dsfghj
2023-07-20 17:31:26 DEBUG TelegramBot:33 - gfjkhk
2023-07-20 22:54:24 DEBUG TelegramBot:33 - pkm;k
2023-07-20 22:54:41 DEBUG TelegramBot:33 - 
2023-07-20 22:54:56 DEBUG TelegramBot:33 - 
2023-07-20 22:58:12 DEBUG UpdateProducerImpl:13 - 
2023-07-20 23:00:46 DEBUG UpdateProducerImpl:13 - [,l
2023-07-20 23:00:54 DEBUG UpdateProducerImpl:13 - 
2023-07-20 23:01:04 DEBUG UpdateProducerImpl:13 - 
2023-08-26 00:17:57 DEBUG UpdateProducerImpl:13 - юю
2023-08-26 00:18:37 DEBUG UpdateProducerImpl:13 - 
2023-08-26 11:43:54 DEBUG UpdateProducerImpl:20 - hello
2023-08-26 11:46:23 DEBUG UpdateProducerImpl:20 - kl;'
2023-08-26 11:47:21 DEBUG UpdateProducerImpl:20 - 
2023-08-26 11:51:13 DEBUG UpdateProducerImpl:20 - regt
2023-08-26 11:52:29 DEBUG UpdateProducerImpl:20 - sdf
2023-08-26 11:57:55 DEBUG UpdateProducerImpl:20 - fdg
2023-08-26 12:00:16 DEBUG UpdateProducerImpl:20 - 7ui
2023-08-26 12:06:31 DEBUG UpdateProducerImpl:20 - wer
2023-08-26 12:06:58 DEBUG UpdateProducerImpl:20 - fsdgh
2023-08-26 12:08:58 DEBUG UpdateProducerImpl:20 - fdg
2023-08-26 12:36:36 DEBUG UpdateProducerImpl:20 - kl
2023-08-26 12:43:54 DEBUG UpdateProducerImpl:20 - yjk
2023-08-26 12:52:17 DEBUG UpdateProducerImpl:20 - io
2023-08-26 12:53:58 DEBUG UpdateProducerImpl:20 - uioi
2023-08-26 12:58:01 DEBUG UpdateProducerImpl:20 - gi
2023-08-26 12:59:59 DEBUG UpdateProducerImpl:20 - ty
2023-08-26 13:03:48 DEBUG UpdateProducerImpl:20 - 5768iuop
2023-08-26 13:03:54 DEBUG UpdateProducerImpl:20 - 5768iuop
2023-08-26 13:39:13 DEBUG UpdateProducerImpl:20 - fu
